{
  "RSpec": {
    "coverage": {
      "/Users/yee0526/Desktop/5xruby/CI測試/StoreCi/spec/features/store_spec.rb": {
        "lines": [
          1,
          1,
          null,
          1,
          1,
          1,
          1,
          null,
          null,
          null
        ]
      },
      "/Users/yee0526/Desktop/5xruby/CI測試/StoreCi/spec/rails_helper.rb": {
        "lines": [
          null,
          1,
          1,
          1,
          null,
          1,
          1,
          1,
          1,
          1,
          null,
          null,
          null,
          null,
          null,
          null,
          null,
          null,
          1,
          null,
          null,
          1,
          null,
          1,
          null,
          1,
          0,
          null,
          null,
          1,
          0,
          null,
          null,
          null,
          null,
          null,
          0,
          null,
          null,
          null,
          null,
          1,
          null,
          null,
          null,
          null,
          null,
          null,
          null,
          null,
          null,
          null,
          null,
          null,
          null,
          null,
          null,
          null,
          null,
          null,
          null,
          null,
          null,
          null,
          null,
          null,
          null,
          null,
          null,
          null,
          null,
          1,
          null,
          0,
          null,
          1,
          null,
          1,
          null,
          null,
          null,
          null,
          1,
          null,
          null,
          null,
          null,
          null,
          null,
          null,
          null,
          null,
          null,
          null,
          null,
          null,
          null,
          null,
          null,
          null,
          1,
          null,
          null,
          1,
          null,
          null,
          null
        ]
      },
      "/Users/yee0526/Desktop/5xruby/CI測試/StoreCi/config/environment.rb": {
        "lines": [
          null,
          1,
          null,
          null,
          1
        ]
      },
      "/Users/yee0526/Desktop/5xruby/CI測試/StoreCi/config/application.rb": {
        "lines": [
          1,
          null,
          1,
          null,
          null,
          null,
          1,
          null,
          1,
          1,
          null,
          1,
          null,
          null,
          null,
          null,
          null,
          null,
          null,
          null,
          null,
          null
        ]
      },
      "/Users/yee0526/Desktop/5xruby/CI測試/StoreCi/config/boot.rb": {
        "lines": [
          1,
          null,
          1,
          1
        ]
      },
      "/Users/yee0526/Desktop/5xruby/CI測試/StoreCi/config/environments/test.rb": {
        "lines": [
          1,
          null,
          null,
          null,
          null,
          null,
          null,
          1,
          null,
          null,
          1,
          1,
          null,
          null,
          null,
          null,
          1,
          null,
          null,
          1,
          1,
          null,
          null,
          null,
          null,
          1,
          1,
          1,
          null,
          null,
          1,
          null,
          null,
          1,
          null,
          null,
          1,
          null,
          1,
          null,
          null,
          null,
          null,
          1,
          null,
          null,
          1,
          null,
          null,
          1,
          null,
          null,
          1,
          null,
          null,
          null,
          null,
          null,
          null,
          null
        ]
      },
      "/Users/yee0526/Desktop/5xruby/CI測試/StoreCi/config/initializers/application_controller_renderer.rb": {
        "lines": [
          null,
          null,
          null,
          null,
          null,
          null,
          null,
          null
        ]
      },
      "/Users/yee0526/Desktop/5xruby/CI測試/StoreCi/config/initializers/assets.rb": {
        "lines": [
          null,
          null,
          null,
          1,
          null,
          null,
          null,
          null,
          1,
          null,
          null,
          null,
          null,
          null
        ]
      },
      "/Users/yee0526/Desktop/5xruby/CI測試/StoreCi/config/initializers/backtrace_silencers.rb": {
        "lines": [
          null,
          null,
          null,
          null,
          null,
          null,
          null,
          1
        ]
      },
      "/Users/yee0526/Desktop/5xruby/CI測試/StoreCi/config/initializers/content_security_policy.rb": {
        "lines": [
          null,
          null,
          null,
          null,
          null,
          null,
          null,
          null,
          null,
          null,
          null,
          null,
          null,
          null,
          null,
          null,
          null,
          null,
          null,
          null,
          null,
          null,
          null,
          null,
          null,
          null,
          null,
          null,
          null,
          null
        ]
      },
      "/Users/yee0526/Desktop/5xruby/CI測試/StoreCi/config/initializers/cookies_serializer.rb": {
        "lines": [
          null,
          null,
          null,
          null,
          1
        ]
      },
      "/Users/yee0526/Desktop/5xruby/CI測試/StoreCi/config/initializers/filter_parameter_logging.rb": {
        "lines": [
          null,
          null,
          null,
          1,
          null,
          null
        ]
      },
      "/Users/yee0526/Desktop/5xruby/CI測試/StoreCi/config/initializers/inflections.rb": {
        "lines": [
          null,
          null,
          null,
          null,
          null,
          null,
          null,
          null,
          null,
          null,
          null,
          null,
          null,
          null,
          null,
          null
        ]
      },
      "/Users/yee0526/Desktop/5xruby/CI測試/StoreCi/config/initializers/mime_types.rb": {
        "lines": [
          null,
          null,
          null,
          null
        ]
      },
      "/Users/yee0526/Desktop/5xruby/CI測試/StoreCi/config/initializers/permissions_policy.rb": {
        "lines": [
          null,
          null,
          null,
          null,
          null,
          null,
          null,
          null,
          null,
          null,
          null
        ]
      },
      "/Users/yee0526/Desktop/5xruby/CI測試/StoreCi/config/initializers/wrap_parameters.rb": {
        "lines": [
          null,
          null,
          null,
          null,
          null,
          null,
          1,
          2,
          null,
          null,
          null,
          null,
          null,
          null
        ]
      },
      "/Users/yee0526/Desktop/5xruby/CI測試/StoreCi/config/routes.rb": {
        "lines": [
          1,
          null,
          null,
          null,
          1,
          null,
          1,
          null
        ]
      },
      "/Users/yee0526/Desktop/5xruby/CI測試/StoreCi/app/helpers/application_helper.rb": {
        "lines": [
          1,
          null
        ]
      },
      "/Users/yee0526/Desktop/5xruby/CI測試/StoreCi/spec/features/user_spec.rb": {
        "lines": [
          1,
          1,
          null,
          1,
          null,
          1,
          1,
          1,
          null,
          null,
          null,
          null
        ]
      },
      "/Users/yee0526/Desktop/5xruby/CI測試/StoreCi/spec/models/user_spec.rb": {
        "lines": [
          1,
          null,
          null,
          null,
          null
        ]
      },
      "/Users/yee0526/Desktop/5xruby/CI測試/StoreCi/app/controllers/home_controller.rb": {
        "lines": [
          1,
          1,
          null,
          null
        ]
      },
      "/Users/yee0526/Desktop/5xruby/CI測試/StoreCi/app/controllers/application_controller.rb": {
        "lines": [
          1,
          null
        ]
      },
      "/Users/yee0526/Desktop/5xruby/CI測試/StoreCi/app/controllers/users_controller.rb": {
        "lines": [
          1,
          1,
          null,
          null
        ]
      }
    },
    "timestamp": 1678383561
  }
}
